  Grammar Analyzer.cpp
D:\a-Study\Code\Compilation principle\Grammar Analyzer\Grammar Analyzer.cpp(24,23): warning C4129: “E”: 不可识别的字符转义序列
D:\a-Study\Code\Compilation principle\Grammar Analyzer\Grammar Analyzer.cpp(28,23): warning C4129: “E”: 不可识别的字符转义序列
D:\a-Study\Code\Compilation principle\Grammar Analyzer\Grammar Analyzer.cpp(29,12): warning C4834: 放弃具有 "nodiscard" 属性的函数的返回值
D:\a-Study\Code\Compilation principle\Grammar Analyzer\Grammar Analyzer.cpp(43,24): warning C4129: “E”: 不可识别的字符转义序列
D:\a-Study\Code\Compilation principle\Grammar Analyzer\Grammar Analyzer.cpp(65,74): warning C4129: “E”: 不可识别的字符转义序列
D:\a-Study\Code\Compilation principle\Grammar Analyzer\Grammar Analyzer.cpp(69,78): warning C4129: “E”: 不可识别的字符转义序列
D:\a-Study\Code\Compilation principle\Grammar Analyzer\Grammar Analyzer.cpp(101,60): warning C4129: “E”: 不可识别的字符转义序列
D:\a-Study\Code\Compilation principle\Grammar Analyzer\Grammar Analyzer.cpp(110,56): warning C4129: “E”: 不可识别的字符转义序列
D:\a-Study\Code\Compilation principle\Grammar Analyzer\Grammar Analyzer.cpp(114,60): warning C4129: “E”: 不可识别的字符转义序列
D:\a-Study\Code\Compilation principle\Grammar Analyzer\Grammar Analyzer.cpp(309,125): warning C4129: “E”: 不可识别的字符转义序列
D:\a-Study\Code\Compilation principle\Grammar Analyzer\Grammar Analyzer.cpp(326,107): warning C4129: “E”: 不可识别的字符转义序列
D:\a-Study\Code\Compilation principle\Grammar Analyzer\Grammar Analyzer.cpp(330,108): warning C4129: “E”: 不可识别的字符转义序列
D:\a-Study\Code\Compilation principle\Grammar Analyzer\Grammar Analyzer.cpp(341,97): warning C4129: “E”: 不可识别的字符转义序列
D:\a-Study\Code\Compilation principle\Grammar Analyzer\Grammar Analyzer.cpp(405,86): warning C4129: “E”: 不可识别的字符转义序列
D:\a-Study\Code\Compilation principle\Grammar Analyzer\Grammar Analyzer.cpp(407,104): warning C4129: “E”: 不可识别的字符转义序列
D:\a-Study\Code\Compilation principle\Grammar Analyzer\Grammar Analyzer.cpp(411,103): warning C4129: “E”: 不可识别的字符转义序列
D:\a-Study\Code\Compilation principle\Grammar Analyzer\Grammar Analyzer.cpp(423,23): warning C4129: “E”: 不可识别的字符转义序列
D:\a-Study\Code\Compilation principle\Grammar Analyzer\Grammar Analyzer.cpp(444,108): warning C4129: “E”: 不可识别的字符转义序列
D:\a-Study\Code\Compilation principle\Grammar Analyzer\Grammar Analyzer.cpp(448,112): warning C4129: “E”: 不可识别的字符转义序列
D:\a-Study\Code\Compilation principle\Grammar Analyzer\Grammar Analyzer.cpp(505,121): warning C4129: “E”: 不可识别的字符转义序列
D:\a-Study\Code\Compilation principle\Grammar Analyzer\Grammar Analyzer.cpp(509,125): warning C4129: “E”: 不可识别的字符转义序列
D:\a-Study\Code\Compilation principle\Grammar Analyzer\Grammar Analyzer.cpp(525,8): warning C4553: “==”: 未使用表达式结果；是否打算使用“=”?
D:\a-Study\Code\Compilation principle\Grammar Analyzer\Grammar Analyzer.cpp(531,8): warning C4553: “==”: 未使用表达式结果；是否打算使用“=”?
D:\a-Study\Code\Compilation principle\Grammar Analyzer\Grammar Analyzer.cpp(955): warning C4715: “Grammar_Analyzer::Error”: 不是所有的控件路径都返回值
  Grammar Analyzer.vcxproj -> D:\a-Study\Code\Compilation principle\Grammar Analyzer\Debug\Grammar Analyzer.exe
